2020-01-02 18:55:35.464  INFO 3436 --- [restartedMain] com.xyf.blog.BlogApplication             : Starting BlogApplication on xuyafeideMacBook-Pro-2.local with PID 3436 (/Users/xuyafei/Documents/idea-projects/blog/target/classes started by xuyafei in /Users/xuyafei/Documents/idea-projects/blog)
2020-01-02 18:55:35.468 DEBUG 3436 --- [restartedMain] com.xyf.blog.BlogApplication             : Running with Spring Boot v2.2.2.RELEASE, Spring v5.2.2.RELEASE
2020-01-02 18:55:35.469  INFO 3436 --- [restartedMain] com.xyf.blog.BlogApplication             : The following profiles are active: dev
2020-01-02 18:55:35.543  INFO 3436 --- [restartedMain] o.s.b.devtools.restart.ChangeableUrls    : The Class-Path manifest attribute in /Users/xuyafei/.m2/repository/org/glassfish/jaxb/jaxb-runtime/2.3.2/jaxb-runtime-2.3.2.jar referenced one or more files that do not exist: file:/Users/xuyafei/.m2/repository/org/glassfish/jaxb/jaxb-runtime/2.3.2/jakarta.xml.bind-api-2.3.2.jar,file:/Users/xuyafei/.m2/repository/org/glassfish/jaxb/jaxb-runtime/2.3.2/txw2-2.3.2.jar,file:/Users/xuyafei/.m2/repository/org/glassfish/jaxb/jaxb-runtime/2.3.2/istack-commons-runtime-3.0.8.jar,file:/Users/xuyafei/.m2/repository/org/glassfish/jaxb/jaxb-runtime/2.3.2/stax-ex-1.8.1.jar,file:/Users/xuyafei/.m2/repository/org/glassfish/jaxb/jaxb-runtime/2.3.2/FastInfoset-1.2.16.jar,file:/Users/xuyafei/.m2/repository/org/glassfish/jaxb/jaxb-runtime/2.3.2/jakarta.activation-api-1.2.1.jar
2020-01-02 18:55:35.544  INFO 3436 --- [restartedMain] .e.DevToolsPropertyDefaultsPostProcessor : Devtools property defaults active! Set 'spring.devtools.add-properties' to 'false' to disable
2020-01-02 18:55:35.544  INFO 3436 --- [restartedMain] .e.DevToolsPropertyDefaultsPostProcessor : For additional web related logging consider setting the 'logging.level.web' property to 'DEBUG'
2020-01-02 18:55:36.422  INFO 3436 --- [restartedMain] .s.d.r.c.RepositoryConfigurationDelegate : Bootstrapping Spring Data JPA repositories in DEFAULT mode.
2020-01-02 18:55:36.450  INFO 3436 --- [restartedMain] .s.d.r.c.RepositoryConfigurationDelegate : Finished Spring Data repository scanning in 17ms. Found 0 JPA repository interfaces.
2020-01-02 18:55:36.896  INFO 3436 --- [restartedMain] trationDelegate$BeanPostProcessorChecker : Bean 'org.springframework.transaction.annotation.ProxyTransactionManagementConfiguration' of type [org.springframework.transaction.annotation.ProxyTransactionManagementConfiguration] is not eligible for getting processed by all BeanPostProcessors (for example: not eligible for auto-proxying)
2020-01-02 18:55:37.398  INFO 3436 --- [restartedMain] o.s.b.w.embedded.tomcat.TomcatWebServer  : Tomcat initialized with port(s): 9090 (http)
2020-01-02 18:55:37.412  INFO 3436 --- [restartedMain] o.apache.catalina.core.StandardService   : Starting service [Tomcat]
2020-01-02 18:55:37.414  INFO 3436 --- [restartedMain] org.apache.catalina.core.StandardEngine  : Starting Servlet engine: [Apache Tomcat/9.0.29]
2020-01-02 18:55:37.530  INFO 3436 --- [restartedMain] o.a.c.c.C.[Tomcat].[localhost].[/]       : Initializing Spring embedded WebApplicationContext
2020-01-02 18:55:37.531  INFO 3436 --- [restartedMain] o.s.web.context.ContextLoader            : Root WebApplicationContext: initialization completed in 1987 ms
2020-01-02 18:55:37.814  INFO 3436 --- [restartedMain] o.hibernate.jpa.internal.util.LogHelper  : HHH000204: Processing PersistenceUnitInfo [name: default]
2020-01-02 18:55:37.875  INFO 3436 --- [restartedMain] org.hibernate.Version                    : HHH000412: Hibernate Core {5.4.9.Final}
2020-01-02 18:55:37.978  INFO 3436 --- [restartedMain] o.hibernate.annotations.common.Version   : HCANN000001: Hibernate Commons Annotations {5.1.0.Final}
2020-01-02 18:55:38.067  INFO 3436 --- [restartedMain] com.zaxxer.hikari.HikariDataSource       : HikariPool-1 - Starting...
2020-01-02 18:55:38.267  INFO 3436 --- [restartedMain] com.zaxxer.hikari.HikariDataSource       : HikariPool-1 - Start completed.
2020-01-02 18:55:38.280  INFO 3436 --- [restartedMain] org.hibernate.dialect.Dialect            : HHH000400: Using dialect: org.hibernate.dialect.MySQLDialect
2020-01-02 18:55:38.465  INFO 3436 --- [restartedMain] o.h.e.t.j.p.i.JtaPlatformInitiator       : HHH000490: Using JtaPlatform implementation: [org.hibernate.engine.transaction.jta.platform.internal.NoJtaPlatform]
2020-01-02 18:55:38.471  INFO 3436 --- [restartedMain] j.LocalContainerEntityManagerFactoryBean : Initialized JPA EntityManagerFactory for persistence unit 'default'
2020-01-02 18:55:38.542  INFO 3436 --- [restartedMain] o.s.b.d.a.OptionalLiveReloadServer       : LiveReload server is running on port 35729
2020-01-02 18:55:38.645  WARN 3436 --- [restartedMain] JpaBaseConfiguration$JpaWebConfiguration : spring.jpa.open-in-view is enabled by default. Therefore, database queries may be performed during view rendering. Explicitly configure spring.jpa.open-in-view to disable this warning
2020-01-02 18:55:38.952  INFO 3436 --- [restartedMain] o.s.s.concurrent.ThreadPoolTaskExecutor  : Initializing ExecutorService 'applicationTaskExecutor'
2020-01-02 18:55:39.079  INFO 3436 --- [restartedMain] o.s.b.a.w.s.WelcomePageHandlerMapping    : Adding welcome page template: index
2020-01-02 18:55:39.461  INFO 3436 --- [restartedMain] o.s.b.w.embedded.tomcat.TomcatWebServer  : Tomcat started on port(s): 9090 (http) with context path ''
2020-01-02 18:55:39.465  INFO 3436 --- [restartedMain] com.xyf.blog.BlogApplication             : Started BlogApplication in 4.895 seconds (JVM running for 6.242)
2020-01-02 18:55:44.683  INFO 3436 --- [http-nio-9090-exec-1] o.a.c.c.C.[Tomcat].[localhost].[/]       : Initializing Spring DispatcherServlet 'dispatcherServlet'
2020-01-02 18:55:44.684  INFO 3436 --- [http-nio-9090-exec-1] o.s.web.servlet.DispatcherServlet        : Initializing Servlet 'dispatcherServlet'
2020-01-02 18:55:44.700  INFO 3436 --- [http-nio-9090-exec-1] o.s.web.servlet.DispatcherServlet        : Completed initialization in 16 ms
2020-01-02 18:55:44.788  INFO 3436 --- [http-nio-9090-exec-1] com.xyf.blog.aspect.LogAspect            : -----------doBefore(log()之前)-----------
2020-01-02 18:55:44.788  INFO 3436 --- [http-nio-9090-exec-1] com.xyf.blog.aspect.LogAspect            : 【Request】: RequestLog = {url='http://localhost:9090/', ip='127.0.0.1', classMethod='com.xyf.blog.web.IndexController.index()', args=[]}
2020-01-02 18:55:44.798  INFO 3436 --- [http-nio-9090-exec-1] com.xyf.blog.aspect.LogAspect            : -----------doAfter(log()之后)-----------
2020-01-02 18:55:44.798  INFO 3436 --- [http-nio-9090-exec-1] com.xyf.blog.aspect.LogAspect            : 【result】: index 
2020-01-02 19:00:55.990  INFO 3436 --- [http-nio-9090-exec-10] com.xyf.blog.aspect.LogAspect            : -----------doBefore(log()之前)-----------
2020-01-02 19:00:55.992  INFO 3436 --- [http-nio-9090-exec-10] com.xyf.blog.aspect.LogAspect            : 【Request】: RequestLog = {url='http://localhost:9090/', ip='127.0.0.1', classMethod='com.xyf.blog.web.IndexController.index()', args=[]}
2020-01-02 19:00:55.993  INFO 3436 --- [http-nio-9090-exec-10] com.xyf.blog.aspect.LogAspect            : -----------doAfter(log()之后)-----------
2020-01-02 19:00:55.993  INFO 3436 --- [http-nio-9090-exec-10] com.xyf.blog.aspect.LogAspect            : 【result】: index 
2020-01-02 19:01:13.780  INFO 3436 --- [http-nio-9090-exec-2] com.xyf.blog.aspect.LogAspect            : -----------doBefore(log()之前)-----------
2020-01-02 19:01:13.780  INFO 3436 --- [http-nio-9090-exec-2] com.xyf.blog.aspect.LogAspect            : 【Request】: RequestLog = {url='http://localhost:9090/', ip='127.0.0.1', classMethod='com.xyf.blog.web.IndexController.index()', args=[]}
2020-01-02 19:01:13.780  INFO 3436 --- [http-nio-9090-exec-2] com.xyf.blog.aspect.LogAspect            : -----------doAfter(log()之后)-----------
2020-01-02 19:01:13.780  INFO 3436 --- [http-nio-9090-exec-2] com.xyf.blog.aspect.LogAspect            : 【result】: index 
2020-01-02 19:05:39.940  INFO 3436 --- [http-nio-9090-exec-4] com.xyf.blog.aspect.LogAspect            : -----------doBefore(log()之前)-----------
2020-01-02 19:05:39.941  INFO 3436 --- [http-nio-9090-exec-4] com.xyf.blog.aspect.LogAspect            : 【Request】: RequestLog = {url='http://localhost:9090/', ip='127.0.0.1', classMethod='com.xyf.blog.web.IndexController.index()', args=[]}
2020-01-02 19:05:39.941  INFO 3436 --- [http-nio-9090-exec-4] com.xyf.blog.aspect.LogAspect            : -----------doAfter(log()之后)-----------
2020-01-02 19:05:39.941  INFO 3436 --- [http-nio-9090-exec-4] com.xyf.blog.aspect.LogAspect            : 【result】: index 
2020-01-02 19:25:24.649  WARN 3436 --- [HikariPool-1 housekeeper] com.zaxxer.hikari.pool.HikariPool        : HikariPool-1 - Thread starvation or clock leap detected (housekeeper delta=3m46s1ms).
2020-01-02 19:44:41.401  WARN 3436 --- [HikariPool-1 housekeeper] com.zaxxer.hikari.pool.HikariPool        : HikariPool-1 - Thread starvation or clock leap detected (housekeeper delta=9m46s676ms).
2020-01-02 19:58:14.004  WARN 3436 --- [HikariPool-1 housekeeper] com.zaxxer.hikari.pool.HikariPool        : HikariPool-1 - Thread starvation or clock leap detected (housekeeper delta=13m32s603ms).
2020-01-02 21:04:31.166  WARN 3436 --- [HikariPool-1 housekeeper] com.zaxxer.hikari.pool.HikariPool        : HikariPool-1 - Thread starvation or clock leap detected (housekeeper delta=9m46s391ms).
2020-01-02 21:40:38.247  WARN 3436 --- [HikariPool-1 housekeeper] com.zaxxer.hikari.pool.HikariPool        : HikariPool-1 - Thread starvation or clock leap detected (housekeeper delta=35m37s66ms).
2020-01-02 22:23:38.598  WARN 3436 --- [HikariPool-1 housekeeper] com.zaxxer.hikari.pool.HikariPool        : HikariPool-1 - Thread starvation or clock leap detected (housekeeper delta=43m351ms).
2020-01-02 22:33:54.952  WARN 3436 --- [HikariPool-1 housekeeper] com.zaxxer.hikari.pool.HikariPool        : HikariPool-1 - Thread starvation or clock leap detected (housekeeper delta=9m46s348ms).
2020-01-02 23:33:58.324  WARN 3436 --- [HikariPool-1 housekeeper] com.zaxxer.hikari.pool.HikariPool        : HikariPool-1 - Thread starvation or clock leap detected (housekeeper delta=59m33s365ms).
2020-01-02 23:44:14.684  WARN 3436 --- [HikariPool-1 housekeeper] com.zaxxer.hikari.pool.HikariPool        : HikariPool-1 - Thread starvation or clock leap detected (housekeeper delta=9m46s348ms).
